<?xml version="1.0" encoding="utf-8"?>
<TestRun id="86b78d36-3ffa-481c-a8e0-f43f9e20214a" name="@ad68eba82b18 2024-09-04 22:59:29" xmlns="http://microsoft.com/schemas/VisualStudio/TeamTest/2010">
  <Times creation="2024-09-04T22:59:29.7420361+00:00" queuing="2024-09-04T22:59:29.7420361+00:00" start="2024-09-04T22:58:52.7000272+00:00" finish="2024-09-04T22:59:33.9635772+00:00" />
  <TestSettings name="default" id="15f6a2df-5eaf-4977-87c9-e3595bd199e7">
    <Deployment runDeploymentRoot="_ad68eba82b18_2024-09-04_22_59_29" />
  </TestSettings>
  <Results>
    <UnitTestResult executionId="3cd9969c-22b6-485e-aaec-0cfecd396cc7" testId="c778b13d-64c8-105f-0341-65ace5e74a5a" testName="Name" computerName="ad68eba82b18" duration="00:00:35.9223790" startTime="2024-09-04T22:58:53.7768563+00:00" endTime="2024-09-04T22:59:29.6986033+00:00" testType="13cdc9d9-ddb5-4fa4-a97d-d965ccfc6d4b" outcome="Failed" testListId="8c84fa94-04c1-424b-9868-57a2d4851a1d" relativeResultsDirectory="3cd9969c-22b6-485e-aaec-0cfecd396cc7">
      <Output>
        <ErrorInfo>
          <Message>System.TimeoutException : Timeout 30000ms exceeded.
Call log:
  - waiting for GetByRole(AriaRole.Link, new() { Name = "Nike air zoom pegasus" }).First
TearDown : System.NullReferenceException : Object reference not set to an instance of an object.</Message>
          <StackTrace>   at Microsoft.Playwright.Transport.Connection.InnerSendMessageToServerAsync[T](ChannelOwner object, String method, Dictionary`2 dictionary, Boolean keepNulls) in /_/src/Playwright/Transport/Connection.cs:line 206
   at Microsoft.Playwright.Transport.Connection.WrapApiCallAsync[T](Func`1 action, Boolean isInternal) in /_/src/Playwright/Transport/Connection.cs:line 532
   at API_HW.Evershop.Name() in /app/Evershop.cs:line 36
   at NUnit.Framework.Internal.TaskAwaitAdapter.GenericAdapter`1.BlockUntilCompleted()
   at NUnit.Framework.Internal.MessagePumpStrategy.NoMessagePumpStrategy.WaitForCompletion(AwaitAdapter awaiter)
   at NUnit.Framework.Internal.AsyncToSyncAdapter.Await(Func`1 invoke)
   at NUnit.Framework.Internal.Commands.TestMethodCommand.RunTestMethod(TestExecutionContext context)
   at NUnit.Framework.Internal.Commands.TestMethodCommand.Execute(TestExecutionContext context)
   at NUnit.Framework.Internal.Commands.BeforeAndAfterTestCommand.&lt;&gt;c__DisplayClass1_0.&lt;Execute&gt;b__0()
   at NUnit.Framework.Internal.Commands.DelegatingTestCommand.RunTestMethodInThreadAbortSafeZone(TestExecutionContext context, Action action)
--TearDown
   at API_HW.UITestFixture.Teardown() in /app/UITestFixture.cs:line 46
   at NUnit.Framework.Internal.TaskAwaitAdapter.GenericAdapter`1.BlockUntilCompleted()
   at NUnit.Framework.Internal.MessagePumpStrategy.NoMessagePumpStrategy.WaitForCompletion(AwaitAdapter awaiter)
   at NUnit.Framework.Internal.AsyncToSyncAdapter.Await(Func`1 invoke)
   at NUnit.Framework.Internal.Commands.SetUpTearDownItem.RunSetUpOrTearDownMethod(TestExecutionContext context, IMethodInfo method)
   at NUnit.Framework.Internal.Commands.SetUpTearDownItem.RunTearDown(TestExecutionContext context)
</StackTrace>
        </ErrorInfo>
      </Output>
    </UnitTestResult>
    <UnitTestResult executionId="bbfa0973-b7ce-4f58-bda6-8ae2fef646d2" testId="37354cf7-4dd7-1102-5176-a4cd42f70745" testName="ReplaceResponse" computerName="ad68eba82b18" duration="00:00:04.1716330" startTime="2024-09-04T22:59:29.7028435+00:00" endTime="2024-09-04T22:59:33.8744766+00:00" testType="13cdc9d9-ddb5-4fa4-a97d-d965ccfc6d4b" outcome="Failed" testListId="8c84fa94-04c1-424b-9868-57a2d4851a1d" relativeResultsDirectory="bbfa0973-b7ce-4f58-bda6-8ae2fef646d2">
      <Output>
        <ErrorInfo>
          <Message>TearDown : System.NullReferenceException : Object reference not set to an instance of an object.</Message>
          <StackTrace>--TearDown
   at API_HW.UITestFixture.Teardown() in /app/UITestFixture.cs:line 46
   at NUnit.Framework.Internal.TaskAwaitAdapter.GenericAdapter`1.BlockUntilCompleted()
   at NUnit.Framework.Internal.MessagePumpStrategy.NoMessagePumpStrategy.WaitForCompletion(AwaitAdapter awaiter)
   at NUnit.Framework.Internal.AsyncToSyncAdapter.Await(Func`1 invoke)
   at NUnit.Framework.Internal.Commands.SetUpTearDownItem.RunSetUpOrTearDownMethod(TestExecutionContext context, IMethodInfo method)
   at NUnit.Framework.Internal.Commands.SetUpTearDownItem.RunTearDown(TestExecutionContext context)
</StackTrace>
        </ErrorInfo>
      </Output>
    </UnitTestResult>
  </Results>
  <TestDefinitions>
    <UnitTest name="ReplaceResponse" storage="/app/bin/debug/net8.0/api_hw.dll" id="37354cf7-4dd7-1102-5176-a4cd42f70745">
      <Execution id="bbfa0973-b7ce-4f58-bda6-8ae2fef646d2" />
      <TestMethod codeBase="/app/bin/Debug/net8.0/API_HW.dll" adapterTypeName="executor://nunit3testexecutor/" className="API_HW.FruitsAPI" name="ReplaceResponse" />
    </UnitTest>
    <UnitTest name="Name" storage="/app/bin/debug/net8.0/api_hw.dll" id="c778b13d-64c8-105f-0341-65ace5e74a5a">
      <Execution id="3cd9969c-22b6-485e-aaec-0cfecd396cc7" />
      <TestMethod codeBase="/app/bin/Debug/net8.0/API_HW.dll" adapterTypeName="executor://nunit3testexecutor/" className="API_HW.Evershop" name="Name" />
    </UnitTest>
  </TestDefinitions>
  <TestEntries>
    <TestEntry testId="c778b13d-64c8-105f-0341-65ace5e74a5a" executionId="3cd9969c-22b6-485e-aaec-0cfecd396cc7" testListId="8c84fa94-04c1-424b-9868-57a2d4851a1d" />
    <TestEntry testId="37354cf7-4dd7-1102-5176-a4cd42f70745" executionId="bbfa0973-b7ce-4f58-bda6-8ae2fef646d2" testListId="8c84fa94-04c1-424b-9868-57a2d4851a1d" />
  </TestEntries>
  <TestLists>
    <TestList name="Results Not in a List" id="8c84fa94-04c1-424b-9868-57a2d4851a1d" />
    <TestList name="All Loaded Results" id="19431567-8539-422a-85d7-44ee4e166bda" />
  </TestLists>
  <ResultSummary outcome="Failed">
    <Counters total="2" executed="2" passed="0" failed="2" error="0" timeout="0" aborted="0" inconclusive="0" passedButRunAborted="0" notRunnable="0" notExecuted="0" disconnected="0" warning="0" completed="0" inProgress="0" pending="0" />
    <Output>
      <StdOut>NUnit Adapter 4.5.0.0: Test execution started
Running all tests in /app/bin/Debug/net8.0/API_HW.dll
   NUnit3TestExecutor discovered 2 of 2 NUnit test cases using Current Discovery mode, Non-Explicit run
NUnit Adapter 4.5.0.0: Test execution complete
</StdOut>
    </Output>
  </ResultSummary>
</TestRun>