<?xml version="1.0" encoding="utf-8"?>
<TestRun id="4ec458d8-24b2-4871-a2b6-ff22d88ba193" name="@c451a4d68986 2024-09-04 23:05:38" xmlns="http://microsoft.com/schemas/VisualStudio/TeamTest/2010">
  <Times creation="2024-09-04T23:05:38.0669215+00:00" queuing="2024-09-04T23:05:38.0669216+00:00" start="2024-09-04T23:04:55.7586633+00:00" finish="2024-09-04T23:05:42.1912280+00:00" />
  <TestSettings name="default" id="96770e65-fe9a-4006-8833-7c8947cd599e">
    <Deployment runDeploymentRoot="_c451a4d68986_2024-09-04_23_05_38" />
  </TestSettings>
  <Results>
    <UnitTestResult executionId="a0dfaa79-b6ec-4502-aae9-6a24752bbf18" testId="c778b13d-64c8-105f-0341-65ace5e74a5a" testName="Name" computerName="c451a4d68986" duration="00:00:41.1785340" startTime="2024-09-04T23:04:56.8453806+00:00" endTime="2024-09-04T23:05:38.0218037+00:00" testType="13cdc9d9-ddb5-4fa4-a97d-d965ccfc6d4b" outcome="Failed" testListId="8c84fa94-04c1-424b-9868-57a2d4851a1d" relativeResultsDirectory="a0dfaa79-b6ec-4502-aae9-6a24752bbf18">
      <Output>
        <ErrorInfo>
          <Message>System.TimeoutException : Timeout 30000ms exceeded.
Call log:
  - waiting for GetByRole(AriaRole.Link, new() { Name = "Nike air zoom pegasus" }).First</Message>
          <StackTrace>   at Microsoft.Playwright.Transport.Connection.InnerSendMessageToServerAsync[T](ChannelOwner object, String method, Dictionary`2 dictionary, Boolean keepNulls) in /_/src/Playwright/Transport/Connection.cs:line 206
   at Microsoft.Playwright.Transport.Connection.WrapApiCallAsync[T](Func`1 action, Boolean isInternal) in /_/src/Playwright/Transport/Connection.cs:line 532
   at API_HW.Evershop.Name() in /app/Evershop.cs:line 36
   at NUnit.Framework.Internal.TaskAwaitAdapter.GenericAdapter`1.BlockUntilCompleted()
   at NUnit.Framework.Internal.MessagePumpStrategy.NoMessagePumpStrategy.WaitForCompletion(AwaitAdapter awaiter)
   at NUnit.Framework.Internal.AsyncToSyncAdapter.Await(Func`1 invoke)
   at NUnit.Framework.Internal.Commands.TestMethodCommand.RunTestMethod(TestExecutionContext context)
   at NUnit.Framework.Internal.Commands.TestMethodCommand.Execute(TestExecutionContext context)
   at NUnit.Framework.Internal.Commands.BeforeAndAfterTestCommand.&lt;&gt;c__DisplayClass1_0.&lt;Execute&gt;b__0()
   at NUnit.Framework.Internal.Commands.DelegatingTestCommand.RunTestMethodInThreadAbortSafeZone(TestExecutionContext context, Action action)
</StackTrace>
        </ErrorInfo>
      </Output>
    </UnitTestResult>
    <UnitTestResult executionId="5cc192b1-5ce0-49b5-aa6a-3a2e8959a77f" testId="37354cf7-4dd7-1102-5176-a4cd42f70745" testName="ReplaceResponse" computerName="c451a4d68986" duration="00:00:04.0945520" startTime="2024-09-04T23:05:38.0261147+00:00" endTime="2024-09-04T23:05:42.1206664+00:00" testType="13cdc9d9-ddb5-4fa4-a97d-d965ccfc6d4b" outcome="Passed" testListId="8c84fa94-04c1-424b-9868-57a2d4851a1d" relativeResultsDirectory="5cc192b1-5ce0-49b5-aa6a-3a2e8959a77f" />
  </Results>
  <TestDefinitions>
    <UnitTest name="ReplaceResponse" storage="/app/bin/debug/net8.0/api_hw.dll" id="37354cf7-4dd7-1102-5176-a4cd42f70745">
      <Execution id="5cc192b1-5ce0-49b5-aa6a-3a2e8959a77f" />
      <TestMethod codeBase="/app/bin/Debug/net8.0/API_HW.dll" adapterTypeName="executor://nunit3testexecutor/" className="API_HW.FruitsAPI" name="ReplaceResponse" />
    </UnitTest>
    <UnitTest name="Name" storage="/app/bin/debug/net8.0/api_hw.dll" id="c778b13d-64c8-105f-0341-65ace5e74a5a">
      <Execution id="a0dfaa79-b6ec-4502-aae9-6a24752bbf18" />
      <TestMethod codeBase="/app/bin/Debug/net8.0/API_HW.dll" adapterTypeName="executor://nunit3testexecutor/" className="API_HW.Evershop" name="Name" />
    </UnitTest>
  </TestDefinitions>
  <TestEntries>
    <TestEntry testId="c778b13d-64c8-105f-0341-65ace5e74a5a" executionId="a0dfaa79-b6ec-4502-aae9-6a24752bbf18" testListId="8c84fa94-04c1-424b-9868-57a2d4851a1d" />
    <TestEntry testId="37354cf7-4dd7-1102-5176-a4cd42f70745" executionId="5cc192b1-5ce0-49b5-aa6a-3a2e8959a77f" testListId="8c84fa94-04c1-424b-9868-57a2d4851a1d" />
  </TestEntries>
  <TestLists>
    <TestList name="Results Not in a List" id="8c84fa94-04c1-424b-9868-57a2d4851a1d" />
    <TestList name="All Loaded Results" id="19431567-8539-422a-85d7-44ee4e166bda" />
  </TestLists>
  <ResultSummary outcome="Failed">
    <Counters total="2" executed="2" passed="1" failed="1" error="0" timeout="0" aborted="0" inconclusive="0" passedButRunAborted="0" notRunnable="0" notExecuted="0" disconnected="0" warning="0" completed="0" inProgress="0" pending="0" />
    <Output>
      <StdOut>NUnit Adapter 4.5.0.0: Test execution started
Running all tests in /app/bin/Debug/net8.0/API_HW.dll
   NUnit3TestExecutor discovered 2 of 2 NUnit test cases using Current Discovery mode, Non-Explicit run
NUnit Adapter 4.5.0.0: Test execution complete
</StdOut>
    </Output>
  </ResultSummary>
</TestRun>